{"timestamp":"2025-08-14T11:53:48.257Z","level":"ERROR","message":"[Process] Uncaught Exception:","data":{}}
{"timestamp":"2025-08-15T03:01:05.730Z","level":"ERROR","message":"[Process] Uncaught Exception:","data":{}}
{"timestamp":"2025-08-15T03:05:42.621Z","level":"ERROR","message":"[Process] Uncaught Exception:","data":{}}
{"timestamp":"2025-08-15T03:14:57.508Z","level":"INFO","message":"🚗 Car Rental API started on port 3000"}
{"timestamp":"2025-08-15T03:14:58.103Z","level":"INFO","message":"✅ MongoDB connected successfully"}
{"timestamp":"2025-08-15T12:32:13.805Z","level":"ERROR","message":"[Process] Uncaught Exception:","data":{}}
{"timestamp":"2025-08-15T12:33:40.200Z","level":"INFO","message":"🚗 Car Rental API started on port 3000"}
{"timestamp":"2025-08-15T12:33:41.400Z","level":"INFO","message":"✅ MongoDB connected successfully"}
{"timestamp":"2025-08-16T07:22:23.502Z","level":"INFO","message":"🚗 Car Rental API started on port 3000"}
{"timestamp":"2025-08-16T07:22:24.092Z","level":"INFO","message":"✅ MongoDB connected successfully"}
{"timestamp":"2025-08-16T07:36:45.213Z","level":"ERROR","message":"[Server] Failed to start:","data":{"code":"EADDRINUSE","errno":-4091,"syscall":"listen","address":"::","port":3000}}
{"timestamp":"2025-08-16T07:48:58.377Z","level":"INFO","message":"🚗 Car Rental API started on port 3000"}
{"timestamp":"2025-08-16T07:48:58.976Z","level":"INFO","message":"✅ MongoDB connected successfully"}
{"timestamp":"2025-08-16T09:52:06.425Z","level":"INFO","message":"🚗 Car Rental API started on port 3000"}
{"timestamp":"2025-08-16T09:52:07.078Z","level":"INFO","message":"✅ MongoDB connected successfully"}
{"timestamp":"2025-08-16T09:55:57.808Z","level":"ERROR","message":"[Server] Failed to start:","data":{"code":"EADDRINUSE","errno":-4091,"syscall":"listen","address":"::","port":3000}}
{"timestamp":"2025-08-16T09:56:36.151Z","level":"ERROR","message":"[Server] Failed to start:","data":{"code":"EADDRINUSE","errno":-4091,"syscall":"listen","address":"::","port":3000}}
{"timestamp":"2025-08-16T09:57:00.529Z","level":"ERROR","message":"[Server] Failed to start:","data":{"code":"EADDRINUSE","errno":-4091,"syscall":"listen","address":"::","port":3000}}
{"timestamp":"2025-08-16T12:20:30.260Z","level":"INFO","message":"🚗 Car Rental API started on port 3000"}
{"timestamp":"2025-08-16T12:20:31.033Z","level":"INFO","message":"✅ MongoDB connected successfully"}
{"timestamp":"2025-08-16T12:23:55.361Z","level":"ERROR","message":"[Server] Failed to start:","data":{"code":"EADDRINUSE","errno":-4091,"syscall":"listen","address":"::","port":3000}}
{"timestamp":"2025-08-16T12:24:21.824Z","level":"INFO","message":"🚗 Car Rental API started on port 3000"}
{"timestamp":"2025-08-16T12:24:22.460Z","level":"INFO","message":"✅ MongoDB connected successfully"}
{"timestamp":"2025-08-16T12:24:34.373Z","level":"ERROR","message":"[Server] Failed to start:","data":{"code":"EADDRINUSE","errno":-4091,"syscall":"listen","address":"::","port":3000}}
{"timestamp":"2025-08-16T12:25:04.327Z","level":"ERROR","message":"[Server] Failed to start:","data":{"code":"EADDRINUSE","errno":-4091,"syscall":"listen","address":"::","port":3000}}
{"timestamp":"2025-08-17T08:57:10.880Z","level":"INFO","message":"🚗 Car Rental API started on port 3000"}
{"timestamp":"2025-08-17T08:57:11.832Z","level":"INFO","message":"✅ MongoDB connected successfully"}
{"timestamp":"2025-08-17T09:13:21.302Z","level":"WARN","message":"[404] Route not found: GET /api/admin/users"}
{"timestamp":"2025-08-17T09:13:21.319Z","level":"WARN","message":"[404] Route not found: GET /api/admin/drivers"}
{"timestamp":"2025-08-17T09:13:21.326Z","level":"WARN","message":"[404] Route not found: GET /api/admin/users"}
{"timestamp":"2025-08-17T09:13:21.330Z","level":"WARN","message":"[404] Route not found: GET /api/admin/complaints"}
{"timestamp":"2025-08-17T09:13:21.334Z","level":"WARN","message":"[404] Route not found: GET /api/admin/trips"}
{"timestamp":"2025-08-17T09:13:21.336Z","level":"WARN","message":"[404] Route not found: GET /api/admin/drivers"}
{"timestamp":"2025-08-17T09:13:21.344Z","level":"WARN","message":"[404] Route not found: GET /api/admin/complaints"}
{"timestamp":"2025-08-17T09:13:21.347Z","level":"WARN","message":"[404] Route not found: GET /api/admin/trips"}
{"timestamp":"2025-08-17T09:13:31.452Z","level":"WARN","message":"[404] Route not found: GET /api/admin/users"}
{"timestamp":"2025-08-17T09:13:31.468Z","level":"WARN","message":"[404] Route not found: GET /api/admin/users"}
{"timestamp":"2025-08-17T09:13:31.471Z","level":"WARN","message":"[404] Route not found: GET /api/admin/drivers"}
{"timestamp":"2025-08-17T09:13:31.474Z","level":"WARN","message":"[404] Route not found: GET /api/admin/trips"}
{"timestamp":"2025-08-17T09:13:31.478Z","level":"WARN","message":"[404] Route not found: GET /api/admin/complaints"}
{"timestamp":"2025-08-17T09:13:31.487Z","level":"WARN","message":"[404] Route not found: GET /api/admin/drivers"}
{"timestamp":"2025-08-17T09:13:31.490Z","level":"WARN","message":"[404] Route not found: GET /api/admin/trips"}
{"timestamp":"2025-08-17T09:13:31.493Z","level":"WARN","message":"[404] Route not found: GET /api/admin/complaints"}
{"timestamp":"2025-08-17T09:13:39.962Z","level":"WARN","message":"[404] Route not found: GET /api/admin/users"}
{"timestamp":"2025-08-17T09:13:39.991Z","level":"WARN","message":"[404] Route not found: GET /api/admin/drivers"}
{"timestamp":"2025-08-17T09:13:39.994Z","level":"WARN","message":"[404] Route not found: GET /api/admin/users"}
{"timestamp":"2025-08-17T09:13:39.997Z","level":"WARN","message":"[404] Route not found: GET /api/admin/complaints"}
{"timestamp":"2025-08-17T09:13:40.004Z","level":"WARN","message":"[404] Route not found: GET /api/admin/trips"}
{"timestamp":"2025-08-17T09:13:40.012Z","level":"WARN","message":"[404] Route not found: GET /api/admin/drivers"}
{"timestamp":"2025-08-17T09:13:40.016Z","level":"WARN","message":"[404] Route not found: GET /api/admin/complaints"}
{"timestamp":"2025-08-17T09:13:40.019Z","level":"WARN","message":"[404] Route not found: GET /api/admin/trips"}
{"timestamp":"2025-08-17T12:03:51.647Z","level":"INFO","message":"🚗 Car Rental API started on port 3000"}
{"timestamp":"2025-08-17T12:03:52.456Z","level":"INFO","message":"✅ MongoDB connected successfully"}
{"timestamp":"2025-08-17T12:08:06.196Z","level":"INFO","message":"🚗 Car Rental API started on port 5000"}
{"timestamp":"2025-08-17T12:08:06.935Z","level":"INFO","message":"✅ MongoDB connected successfully"}
{"timestamp":"2025-08-17T12:12:16.007Z","level":"ERROR","message":"[Server] Failed to start:","data":{"code":"EADDRINUSE","errno":-4091,"syscall":"listen","address":"::","port":5000}}
{"timestamp":"2025-08-17T12:12:59.511Z","level":"ERROR","message":"[Server] Failed to start:","data":{"code":"EADDRINUSE","errno":-4091,"syscall":"listen","address":"::","port":5000}}
{"timestamp":"2025-08-17T12:18:18.896Z","level":"ERROR","message":"[Server] Failed to start:","data":{"code":"EADDRINUSE","errno":-4091,"syscall":"listen","address":"::","port":5000}}
{"timestamp":"2025-08-17T12:19:16.156Z","level":"INFO","message":"🚗 Car Rental API started on port 5000"}
{"timestamp":"2025-08-17T12:19:17.134Z","level":"INFO","message":"✅ MongoDB connected successfully"}
{"timestamp":"2025-08-17T12:21:51.235Z","level":"ERROR","message":"[Server] Failed to start:","data":{"code":"EADDRINUSE","errno":-4091,"syscall":"listen","address":"::","port":5000}}
{"timestamp":"2025-08-17T12:28:56.548Z","level":"INFO","message":"🚗 Car Rental API started on port 5000"}
{"timestamp":"2025-08-17T12:28:57.681Z","level":"INFO","message":"✅ MongoDB connected successfully"}
{"timestamp":"2025-08-17T12:29:27.584Z","level":"INFO","message":"🚗 Car Rental API started on port 5000"}
{"timestamp":"2025-08-17T12:29:28.664Z","level":"INFO","message":"✅ MongoDB connected successfully"}
{"timestamp":"2025-08-17T12:32:08.641Z","level":"ERROR","message":"[Server] Failed to start:","data":{"code":"EADDRINUSE","errno":-4091,"syscall":"listen","address":"::","port":5000}}
{"timestamp":"2025-08-17T12:32:34.864Z","level":"INFO","message":"🚗 Car Rental API started on port 3000"}
{"timestamp":"2025-08-17T12:32:35.843Z","level":"INFO","message":"✅ MongoDB connected successfully"}
{"timestamp":"2025-08-17T12:33:01.714Z","level":"INFO","message":"🚗 Car Rental API started on port 3000"}
{"timestamp":"2025-08-17T12:33:02.589Z","level":"INFO","message":"✅ MongoDB connected successfully"}
{"timestamp":"2025-08-17T12:53:50.974Z","level":"INFO","message":"🚗 Car Rental API started on port 5000"}
{"timestamp":"2025-08-17T12:53:51.950Z","level":"INFO","message":"✅ MongoDB connected successfully"}
{"timestamp":"2025-08-20T03:00:18.230Z","level":"INFO","message":"🚗 Car Rental API started on port 5000"}
{"timestamp":"2025-08-20T03:00:19.446Z","level":"INFO","message":"✅ MongoDB connected successfully"}
{"timestamp":"2025-08-20T03:12:12.188Z","level":"INFO","message":"🚗 Car Rental API started on port 5000"}
{"timestamp":"2025-08-20T03:12:13.343Z","level":"INFO","message":"✅ MongoDB connected successfully"}
{"timestamp":"2025-08-20T03:14:00.475Z","level":"ERROR","message":"[Server] Failed to start:","data":{"code":"EADDRINUSE","errno":-4091,"syscall":"listen","address":"::","port":5000}}
{"timestamp":"2025-08-20T03:15:46.837Z","level":"INFO","message":"🚗 Car Rental API started on port 5000"}
{"timestamp":"2025-08-20T03:15:47.656Z","level":"INFO","message":"✅ MongoDB connected successfully"}
{"timestamp":"2025-08-20T03:22:27.845Z","level":"ERROR","message":"[Server] Failed to start:","data":{"code":"EADDRINUSE","errno":-4091,"syscall":"listen","address":"::","port":5000}}
{"timestamp":"2025-08-20T03:22:56.337Z","level":"INFO","message":"🚗 Car Rental API started on port 5000"}
{"timestamp":"2025-08-20T03:22:59.083Z","level":"INFO","message":"✅ MongoDB connected successfully"}
{"timestamp":"2025-08-20T03:23:07.572Z","level":"ERROR","message":"[Server] Failed to start:","data":{"code":"EADDRINUSE","errno":-4091,"syscall":"listen","address":"::","port":5000}}
{"timestamp":"2025-08-20T03:23:40.719Z","level":"ERROR","message":"[Server] Failed to start:","data":{"code":"EADDRINUSE","errno":-4091,"syscall":"listen","address":"::","port":5000}}
{"timestamp":"2025-08-20T03:24:00.003Z","level":"INFO","message":"🚗 Car Rental API started on port 5000"}
{"timestamp":"2025-08-20T03:24:00.893Z","level":"INFO","message":"✅ MongoDB connected successfully"}
{"timestamp":"2025-08-20T07:01:50.534Z","level":"INFO","message":"🚗 Car Rental API started on port 5000"}
{"timestamp":"2025-08-20T07:01:53.915Z","level":"INFO","message":"✅ MongoDB connected successfully"}
{"timestamp":"2025-08-20T07:08:38.196Z","level":"INFO","message":"🚗 Car Rental API started on port 5000"}
{"timestamp":"2025-08-20T07:08:42.140Z","level":"INFO","message":"✅ MongoDB connected successfully"}
{"timestamp":"2025-08-20T15:42:01.863Z","level":"INFO","message":"🚗 Car Rental API started on port 5000"}
{"timestamp":"2025-08-20T15:42:03.359Z","level":"INFO","message":"✅ MongoDB connected successfully"}
{"timestamp":"2025-08-21T09:29:57.432Z","level":"INFO","message":"🚗 Car Rental API started on port 5000"}
{"timestamp":"2025-08-21T09:29:58.454Z","level":"INFO","message":"✅ MongoDB connected successfully"}
{"timestamp":"2025-08-22T02:54:16.844Z","level":"INFO","message":"🚗 Car Rental API started on port 5000"}
{"timestamp":"2025-08-22T02:54:17.410Z","level":"INFO","message":"✅ MongoDB connected successfully"}
{"timestamp":"2025-08-22T03:05:33.228Z","level":"WARN","message":"[404] Route not found: POST /api/users/2fa/setup"}
{"timestamp":"2025-08-22T03:05:48.878Z","level":"WARN","message":"[404] Route not found: POST /api/users/2fa/setup"}
{"timestamp":"2025-08-22T03:05:52.553Z","level":"WARN","message":"[404] Route not found: POST /api/users/2fa/setup"}
{"timestamp":"2025-08-22T03:06:08.843Z","level":"ERROR","message":"[Server] Failed to start:","data":{"code":"EADDRINUSE","errno":-4091,"syscall":"listen","address":"::","port":5000}}
{"timestamp":"2025-08-22T03:06:32.724Z","level":"INFO","message":"🚗 Car Rental API started on port 5000"}
{"timestamp":"2025-08-22T03:06:33.569Z","level":"INFO","message":"✅ MongoDB connected successfully"}
{"timestamp":"2025-08-22T03:07:00.519Z","level":"ERROR","message":"[Server] Failed to start:","data":{"code":"EADDRINUSE","errno":-4091,"syscall":"listen","address":"::","port":5000}}
{"timestamp":"2025-08-22T03:08:33.485Z","level":"ERROR","message":"[Server] Failed to start:","data":{"code":"EADDRINUSE","errno":-4091,"syscall":"listen","address":"::","port":5000}}
{"timestamp":"2025-08-22T03:09:05.919Z","level":"INFO","message":"🚗 Car Rental API started on port 5000"}
{"timestamp":"2025-08-22T03:09:06.860Z","level":"INFO","message":"✅ MongoDB connected successfully"}
{"timestamp":"2025-08-22T12:07:16.701Z","level":"INFO","message":"🚗 Car Rental API started on port 5000"}
{"timestamp":"2025-08-22T12:07:17.365Z","level":"INFO","message":"✅ MongoDB connected successfully"}
{"timestamp":"2025-08-22T12:26:04.245Z","level":"ERROR","message":"[Server] Failed to start:","data":{"code":"EADDRINUSE","errno":-4091,"syscall":"listen","address":"::","port":5000}}
{"timestamp":"2025-08-22T12:30:52.293Z","level":"WARN","message":"[404] Route not found: POST /api/users/ai-chat"}
{"timestamp":"2025-08-22T12:31:23.219Z","level":"WARN","message":"[404] Route not found: POST /api/users/ai-chat"}
{"timestamp":"2025-08-22T12:31:35.905Z","level":"WARN","message":"[404] Route not found: POST /api/users/ai-chat"}
{"timestamp":"2025-08-22T12:32:07.224Z","level":"WARN","message":"[404] Route not found: POST /api/users/ai-chat"}
{"timestamp":"2025-08-22T12:32:51.965Z","level":"INFO","message":"🚗 Car Rental API started on port 5000"}
{"timestamp":"2025-08-22T12:32:52.806Z","level":"INFO","message":"✅ MongoDB connected successfully"}
{"timestamp":"2025-08-23T08:15:09.671Z","level":"INFO","message":"🚗 Car Rental API started on port 5000"}
{"timestamp":"2025-08-23T08:15:11.002Z","level":"INFO","message":"✅ MongoDB connected successfully"}
{"timestamp":"2025-08-23T08:15:54.171Z","level":"WARN","message":"[404] Route not found: GET /favicon.ico"}
{"timestamp":"2025-08-23T08:25:08.779Z","level":"WARN","message":"[404] Route not found: GET /api/users/settings"}
{"timestamp":"2025-08-23T08:25:08.782Z","level":"WARN","message":"[404] Route not found: GET /api/users/settings"}
{"timestamp":"2025-08-23T08:25:13.845Z","level":"WARN","message":"[404] Route not found: GET /api/users/settings"}
{"timestamp":"2025-08-23T08:25:13.850Z","level":"WARN","message":"[404] Route not found: GET /api/users/settings"}
{"timestamp":"2025-08-23T09:41:15.525Z","level":"WARN","message":"[404] Route not found: PUT /api/users/settings"}
{"timestamp":"2025-08-23T09:41:38.491Z","level":"WARN","message":"[404] Route not found: GET /api/users/settings"}
{"timestamp":"2025-08-23T09:41:38.496Z","level":"WARN","message":"[404] Route not found: GET /api/users/settings"}
{"timestamp":"2025-08-23T09:41:49.343Z","level":"WARN","message":"[404] Route not found: GET /api/users/settings"}
{"timestamp":"2025-08-23T09:41:49.348Z","level":"WARN","message":"[404] Route not found: GET /api/users/settings"}
{"timestamp":"2025-08-23T09:41:53.459Z","level":"WARN","message":"[404] Route not found: PUT /api/users/settings"}
{"timestamp":"2025-08-23T09:43:58.093Z","level":"INFO","message":"🚗 Car Rental API started on port 5000"}
{"timestamp":"2025-08-23T09:43:59.364Z","level":"INFO","message":"✅ MongoDB connected successfully"}
{"timestamp":"2025-08-23T11:19:54.232Z","level":"WARN","message":"[404] Route not found: GET /api/users/driver-status"}
{"timestamp":"2025-08-23T11:19:54.236Z","level":"WARN","message":"[404] Route not found: GET /api/users/driver-status"}
{"timestamp":"2025-08-23T11:27:45.073Z","level":"WARN","message":"[404] Route not found: GET /api/users/driver-status"}
{"timestamp":"2025-08-23T11:34:31.142Z","level":"WARN","message":"[404] Route not found: GET /api/rides/requests"}
{"timestamp":"2025-08-23T11:34:31.146Z","level":"WARN","message":"[404] Route not found: GET /api/rides/requests"}
{"timestamp":"2025-08-23T11:34:56.920Z","level":"WARN","message":"[404] Route not found: PUT /api/users/availability"}
{"timestamp":"2025-08-23T11:35:16.563Z","level":"WARN","message":"[404] Route not found: GET /api/rides/requests"}
{"timestamp":"2025-08-23T11:35:16.566Z","level":"WARN","message":"[404] Route not found: GET /api/rides/requests"}
{"timestamp":"2025-08-23T11:37:15.754Z","level":"WARN","message":"[404] Route not found: GET /api/rides/requests"}
{"timestamp":"2025-08-23T11:42:42.134Z","level":"WARN","message":"[404] Route not found: PUT /api/users/availability"}
{"timestamp":"2025-08-23T11:58:25.288Z","level":"WARN","message":"[404] Route not found: GET /api/rides/requests"}
{"timestamp":"2025-08-23T11:58:25.292Z","level":"WARN","message":"[404] Route not found: GET /api/rides/requests"}
{"timestamp":"2025-08-23T11:58:40.650Z","level":"WARN","message":"[404] Route not found: PUT /api/users/availability"}
{"timestamp":"2025-08-23T12:01:26.790Z","level":"INFO","message":"🚗 Car Rental API started on port 5000"}
{"timestamp":"2025-08-23T12:01:28.023Z","level":"INFO","message":"✅ MongoDB connected successfully"}
{"timestamp":"2025-08-23T12:39:31.096Z","level":"WARN","message":"[404] Route not found: POST /api/users/submit-verification"}
{"timestamp":"2025-08-23T12:39:45.309Z","level":"WARN","message":"[404] Route not found: POST /api/users/submit-verification"}
{"timestamp":"2025-08-23T12:43:55.082Z","level":"INFO","message":"🚗 Car Rental API started on port 5000"}
{"timestamp":"2025-08-23T12:43:56.295Z","level":"INFO","message":"✅ MongoDB connected successfully"}
